<?xml version="1.0" encoding="UTF-8"?>
<!-- Generated by org.testng.reporters.JUnitReportReporter -->
<testsuite hostname="Easyway-pc" name="com.test.TestingNG" tests="1" failures="0" timestamp="26 Jun 2018 08:44:05 GMT" time="1.204" errors="0">
  <testcase name="testEasy" time="1.204" classname="com.test.TestingNG"/>
</testsuite> <!-- com.test.TestingNG -->
