<?xml version="1.0" encoding="UTF-8"?>
<!-- Generated by org.testng.reporters.JUnitReportReporter -->
<testsuite hostname="Easyway-pc" name="com.test.GmailTest" tests="1" failures="0" timestamp="27 Jun 2018 05:17:29 GMT" time="20.002" errors="0">
  <testcase name="successfulLogin" time="20.002" classname="com.test.GmailTest"/>
</testsuite> <!-- com.test.GmailTest -->
