<?xml version="1.0" encoding="UTF-8"?>
<!-- Generated by org.testng.reporters.JUnitReportReporter -->
<testsuite hostname="Easyway-pc" name="com.test.GmailTest" tests="3" failures="0" timestamp="26 Jun 2018 09:29:59 GMT" time="15.239" errors="0">
  <testcase name="successfulLogin" time="4.856" classname="com.test.GmailTest"/>
  <testcase name="invalidPassword" time="4.836" classname="com.test.GmailTest"/>
  <testcase name="enterWithoutCreds" time="5.547" classname="com.test.GmailTest"/>
</testsuite> <!-- com.test.GmailTest -->
